mode: atomic
github.com/ianmarmour/nvidia-clerk/internal/alert/telegram.go:13.114,18.16 4 1
github.com/ianmarmour/nvidia-clerk/internal/alert/telegram.go:23.2,24.16 2 1
github.com/ianmarmour/nvidia-clerk/internal/alert/telegram.go:28.2,31.16 3 1
github.com/ianmarmour/nvidia-clerk/internal/alert/telegram.go:35.2,37.12 2 1
github.com/ianmarmour/nvidia-clerk/internal/alert/telegram.go:18.16,20.3 1 0
github.com/ianmarmour/nvidia-clerk/internal/alert/telegram.go:24.16,26.3 1 0
github.com/ianmarmour/nvidia-clerk/internal/alert/telegram.go:31.16,33.3 1 0
github.com/ianmarmour/nvidia-clerk/internal/alert/toast.go:12.36,14.16 2 1
github.com/ianmarmour/nvidia-clerk/internal/alert/toast.go:18.2,18.12 1 1
github.com/ianmarmour/nvidia-clerk/internal/alert/toast.go:14.16,16.3 1 0
github.com/ianmarmour/nvidia-clerk/internal/alert/toast.go:21.37,24.16 3 1
github.com/ianmarmour/nvidia-clerk/internal/alert/toast.go:28.2,28.12 1 1
github.com/ianmarmour/nvidia-clerk/internal/alert/toast.go:24.16,26.3 1 0
github.com/ianmarmour/nvidia-clerk/internal/alert/toast.go:31.38,40.16 3 0
github.com/ianmarmour/nvidia-clerk/internal/alert/toast.go:44.2,44.12 1 0
github.com/ianmarmour/nvidia-clerk/internal/alert/toast.go:40.16,42.3 1 0
github.com/ianmarmour/nvidia-clerk/internal/alert/toast.go:48.46,51.12 2 2
github.com/ianmarmour/nvidia-clerk/internal/alert/toast.go:62.2,62.12 1 2
github.com/ianmarmour/nvidia-clerk/internal/alert/toast.go:52.15,53.25 1 1
github.com/ianmarmour/nvidia-clerk/internal/alert/toast.go:54.17,55.27 1 0
github.com/ianmarmour/nvidia-clerk/internal/alert/toast.go:56.16,57.26 1 1
github.com/ianmarmour/nvidia-clerk/internal/alert/toast.go:58.10,59.43 1 0
github.com/ianmarmour/nvidia-clerk/internal/alert/twilio.go:13.101,24.16 6 1
github.com/ianmarmour/nvidia-clerk/internal/alert/twilio.go:28.2,33.16 5 1
github.com/ianmarmour/nvidia-clerk/internal/alert/twilio.go:37.2,39.12 2 1
github.com/ianmarmour/nvidia-clerk/internal/alert/twilio.go:24.16,26.3 1 0
github.com/ianmarmour/nvidia-clerk/internal/alert/twilio.go:33.16,35.3 1 0
github.com/ianmarmour/nvidia-clerk/internal/alert/twitter.go:12.82,19.16 6 0
github.com/ianmarmour/nvidia-clerk/internal/alert/twitter.go:23.2,23.12 1 0
github.com/ianmarmour/nvidia-clerk/internal/alert/twitter.go:19.16,21.3 1 0
github.com/ianmarmour/nvidia-clerk/internal/alert/discord.go:28.42,30.2 1 1
github.com/ianmarmour/nvidia-clerk/internal/alert/discord.go:33.61,35.2 1 1
github.com/ianmarmour/nvidia-clerk/internal/alert/discord.go:38.52,41.16 3 1
github.com/ianmarmour/nvidia-clerk/internal/alert/discord.go:45.2,45.18 1 1
github.com/ianmarmour/nvidia-clerk/internal/alert/discord.go:41.16,43.3 1 0
github.com/ianmarmour/nvidia-clerk/internal/alert/discord.go:54.46,56.2 1 1
github.com/ianmarmour/nvidia-clerk/internal/alert/discord.go:59.64,61.2 1 1
github.com/ianmarmour/nvidia-clerk/internal/alert/discord.go:64.56,67.16 3 1
github.com/ianmarmour/nvidia-clerk/internal/alert/discord.go:71.2,71.18 1 1
github.com/ianmarmour/nvidia-clerk/internal/alert/discord.go:67.16,69.3 1 0
github.com/ianmarmour/nvidia-clerk/internal/alert/discord.go:75.105,77.16 2 2
github.com/ianmarmour/nvidia-clerk/internal/alert/discord.go:81.2,82.16 2 2
github.com/ianmarmour/nvidia-clerk/internal/alert/discord.go:85.2,88.16 3 2
github.com/ianmarmour/nvidia-clerk/internal/alert/discord.go:91.2,91.24 1 2
github.com/ianmarmour/nvidia-clerk/internal/alert/discord.go:95.2,97.12 2 2
github.com/ianmarmour/nvidia-clerk/internal/alert/discord.go:77.16,79.3 1 0
github.com/ianmarmour/nvidia-clerk/internal/alert/discord.go:82.16,84.3 1 0
github.com/ianmarmour/nvidia-clerk/internal/alert/discord.go:88.16,90.3 1 0
github.com/ianmarmour/nvidia-clerk/internal/alert/discord.go:91.24,93.3 1 0
github.com/ianmarmour/nvidia-clerk/internal/alert/discord.go:101.89,110.12 6 0
github.com/ianmarmour/nvidia-clerk/internal/alert/discord.go:115.2,115.6 1 0
github.com/ianmarmour/nvidia-clerk/internal/alert/discord.go:110.12,113.3 2 0
github.com/ianmarmour/nvidia-clerk/internal/alert/discord.go:115.6,116.10 1 0
github.com/ianmarmour/nvidia-clerk/internal/alert/discord.go:117.16,118.15 1 0
github.com/ianmarmour/nvidia-clerk/internal/alert/discord.go:167.4,167.10 1 0
github.com/ianmarmour/nvidia-clerk/internal/alert/discord.go:119.19,121.23 2 0
github.com/ianmarmour/nvidia-clerk/internal/alert/discord.go:133.5,133.35 1 0
github.com/ianmarmour/nvidia-clerk/internal/alert/discord.go:140.5,140.30 1 0
github.com/ianmarmour/nvidia-clerk/internal/alert/discord.go:141.20,144.22 3 0
github.com/ianmarmour/nvidia-clerk/internal/alert/discord.go:157.5,157.35 1 0
github.com/ianmarmour/nvidia-clerk/internal/alert/discord.go:164.5,164.30 1 0
github.com/ianmarmour/nvidia-clerk/internal/alert/discord.go:121.23,122.37 1 0
github.com/ianmarmour/nvidia-clerk/internal/alert/discord.go:129.6,131.14 2 0
github.com/ianmarmour/nvidia-clerk/internal/alert/discord.go:122.37,127.7 3 0
github.com/ianmarmour/nvidia-clerk/internal/alert/discord.go:133.35,138.6 3 0
github.com/ianmarmour/nvidia-clerk/internal/alert/discord.go:144.22,145.37 1 0
github.com/ianmarmour/nvidia-clerk/internal/alert/discord.go:152.6,154.14 2 0
github.com/ianmarmour/nvidia-clerk/internal/alert/discord.go:145.37,150.7 3 0
github.com/ianmarmour/nvidia-clerk/internal/alert/discord.go:157.35,162.6 3 0
github.com/ianmarmour/nvidia-clerk/internal/rest/nvidia.go:114.66,118.16 3 1
github.com/ianmarmour/nvidia-clerk/internal/rest/nvidia.go:121.2,124.16 3 1
github.com/ianmarmour/nvidia-clerk/internal/rest/nvidia.go:129.2,131.20 3 1
github.com/ianmarmour/nvidia-clerk/internal/rest/nvidia.go:136.2,136.22 1 1
github.com/ianmarmour/nvidia-clerk/internal/rest/nvidia.go:118.16,120.3 1 0
github.com/ianmarmour/nvidia-clerk/internal/rest/nvidia.go:124.16,127.3 2 0
github.com/ianmarmour/nvidia-clerk/internal/rest/nvidia.go:131.20,134.3 2 0
github.com/ianmarmour/nvidia-clerk/internal/rest/nvidia.go:140.110,144.16 4 0
github.com/ianmarmour/nvidia-clerk/internal/rest/nvidia.go:147.2,153.16 6 0
github.com/ianmarmour/nvidia-clerk/internal/rest/nvidia.go:157.2,160.20 3 0
github.com/ianmarmour/nvidia-clerk/internal/rest/nvidia.go:164.2,166.19 2 0
github.com/ianmarmour/nvidia-clerk/internal/rest/nvidia.go:144.16,146.3 1 0
github.com/ianmarmour/nvidia-clerk/internal/rest/nvidia.go:153.16,155.3 1 0
github.com/ianmarmour/nvidia-clerk/internal/rest/nvidia.go:160.20,162.3 1 0
github.com/ianmarmour/nvidia-clerk/internal/rest/nvidia.go:170.109,174.16 3 0
github.com/ianmarmour/nvidia-clerk/internal/rest/nvidia.go:178.2,179.16 2 0
github.com/ianmarmour/nvidia-clerk/internal/rest/nvidia.go:184.2,186.20 3 0
github.com/ianmarmour/nvidia-clerk/internal/rest/nvidia.go:191.2,191.23 1 0
github.com/ianmarmour/nvidia-clerk/internal/rest/nvidia.go:174.16,176.3 1 0
github.com/ianmarmour/nvidia-clerk/internal/rest/nvidia.go:179.16,182.3 2 0
github.com/ianmarmour/nvidia-clerk/internal/rest/nvidia.go:186.20,189.3 2 0
github.com/ianmarmour/nvidia-clerk/internal/rest/nvidia.go:194.28,197.2 2 1
github.com/ianmarmour/nvidia-clerk/internal/rest/nvidia.go:200.74,202.16 2 1
github.com/ianmarmour/nvidia-clerk/internal/rest/nvidia.go:205.2,205.24 1 1
github.com/ianmarmour/nvidia-clerk/internal/rest/nvidia.go:208.2,211.20 3 1
github.com/ianmarmour/nvidia-clerk/internal/rest/nvidia.go:215.2,215.18 1 1
github.com/ianmarmour/nvidia-clerk/internal/rest/nvidia.go:202.16,204.3 1 0
github.com/ianmarmour/nvidia-clerk/internal/rest/nvidia.go:205.24,207.3 1 0
github.com/ianmarmour/nvidia-clerk/internal/rest/nvidia.go:211.20,213.3 1 0
github.com/ianmarmour/nvidia-clerk/internal/rest/nvidia.go:219.23,222.2 2 1
github.com/ianmarmour/nvidia-clerk/internal/rest/shields.go:25.50,27.16 2 0
github.com/ianmarmour/nvidia-clerk/internal/rest/shields.go:31.2,31.21 1 0
github.com/ianmarmour/nvidia-clerk/internal/rest/shields.go:27.16,29.3 1 0
github.com/ianmarmour/nvidia-clerk/internal/rest/shields.go:37.13,39.2 1 1
github.com/ianmarmour/nvidia-clerk/internal/rest/shields.go:41.43,48.2 1 0
github.com/ianmarmour/nvidia-clerk/internal/rest/shields.go:50.34,53.16 3 0
github.com/ianmarmour/nvidia-clerk/internal/rest/shields.go:57.2,60.16 3 0
github.com/ianmarmour/nvidia-clerk/internal/rest/shields.go:65.2,65.13 1 0
github.com/ianmarmour/nvidia-clerk/internal/rest/shields.go:53.16,55.3 1 0
github.com/ianmarmour/nvidia-clerk/internal/rest/shields.go:60.16,63.3 2 0
github.com/ianmarmour/nvidia-clerk/internal/rest/shields.go:68.55,70.2 1 0
github.com/ianmarmour/nvidia-clerk/internal/rest/shields.go:73.77,79.2 4 0
github.com/ianmarmour/nvidia-clerk/internal/config/config.go:14.38,16.2 1 0
github.com/ianmarmour/nvidia-clerk/internal/config/config.go:22.37,24.2 1 0
github.com/ianmarmour/nvidia-clerk/internal/config/config.go:31.38,33.2 1 0
github.com/ianmarmour/nvidia-clerk/internal/config/config.go:550.39,553.22 2 0
github.com/ianmarmour/nvidia-clerk/internal/config/config.go:564.2,564.17 1 0
github.com/ianmarmour/nvidia-clerk/internal/config/config.go:554.15,555.36 1 0
github.com/ianmarmour/nvidia-clerk/internal/config/config.go:556.17,557.38 1 0
github.com/ianmarmour/nvidia-clerk/internal/config/config.go:558.16,559.37 1 0
github.com/ianmarmour/nvidia-clerk/internal/config/config.go:560.10,561.43 1 0
github.com/ianmarmour/nvidia-clerk/internal/config/config.go:568.43,572.20 3 1
github.com/ianmarmour/nvidia-clerk/internal/config/config.go:575.2,578.19 3 1
github.com/ianmarmour/nvidia-clerk/internal/config/config.go:581.2,584.19 3 1
github.com/ianmarmour/nvidia-clerk/internal/config/config.go:588.2,591.19 3 1
github.com/ianmarmour/nvidia-clerk/internal/config/config.go:595.2,597.16 2 1
github.com/ianmarmour/nvidia-clerk/internal/config/config.go:572.20,574.3 1 0
github.com/ianmarmour/nvidia-clerk/internal/config/config.go:578.19,580.3 1 0
github.com/ianmarmour/nvidia-clerk/internal/config/config.go:584.19,586.3 1 0
github.com/ianmarmour/nvidia-clerk/internal/config/config.go:591.19,593.3 1 0
github.com/ianmarmour/nvidia-clerk/internal/config/config.go:601.41,605.19 3 1
github.com/ianmarmour/nvidia-clerk/internal/config/config.go:608.2,611.18 3 1
github.com/ianmarmour/nvidia-clerk/internal/config/config.go:614.2,617.19 3 1
github.com/ianmarmour/nvidia-clerk/internal/config/config.go:620.2,623.19 3 1
github.com/ianmarmour/nvidia-clerk/internal/config/config.go:626.2,628.16 2 1
github.com/ianmarmour/nvidia-clerk/internal/config/config.go:605.19,607.3 1 0
github.com/ianmarmour/nvidia-clerk/internal/config/config.go:611.18,613.3 1 0
github.com/ianmarmour/nvidia-clerk/internal/config/config.go:617.19,619.3 1 0
github.com/ianmarmour/nvidia-clerk/internal/config/config.go:623.19,625.3 1 0
github.com/ianmarmour/nvidia-clerk/internal/config/config.go:632.43,636.18 3 1
github.com/ianmarmour/nvidia-clerk/internal/config/config.go:639.2,641.16 2 1
github.com/ianmarmour/nvidia-clerk/internal/config/config.go:636.18,638.3 1 0
github.com/ianmarmour/nvidia-clerk/internal/config/config.go:645.45,649.18 3 1
github.com/ianmarmour/nvidia-clerk/internal/config/config.go:652.2,655.19 3 1
github.com/ianmarmour/nvidia-clerk/internal/config/config.go:659.2,661.16 2 1
github.com/ianmarmour/nvidia-clerk/internal/config/config.go:649.18,651.3 1 0
github.com/ianmarmour/nvidia-clerk/internal/config/config.go:655.19,657.3 1 0
github.com/ianmarmour/nvidia-clerk/internal/config/config.go:665.43,669.18 3 0
github.com/ianmarmour/nvidia-clerk/internal/config/config.go:672.2,674.16 2 0
github.com/ianmarmour/nvidia-clerk/internal/config/config.go:669.18,671.3 1 0
github.com/ianmarmour/nvidia-clerk/internal/config/config.go:678.148,679.52 1 5
github.com/ianmarmour/nvidia-clerk/internal/config/config.go:744.2,745.34 2 0
github.com/ianmarmour/nvidia-clerk/internal/config/config.go:679.52,682.32 3 5
github.com/ianmarmour/nvidia-clerk/internal/config/config.go:686.3,693.18 7 5
github.com/ianmarmour/nvidia-clerk/internal/config/config.go:701.3,701.22 1 5
github.com/ianmarmour/nvidia-clerk/internal/config/config.go:709.3,709.22 1 5
github.com/ianmarmour/nvidia-clerk/internal/config/config.go:717.3,717.23 1 5
github.com/ianmarmour/nvidia-clerk/internal/config/config.go:725.3,725.20 1 5
github.com/ianmarmour/nvidia-clerk/internal/config/config.go:733.3,733.22 1 5
github.com/ianmarmour/nvidia-clerk/internal/config/config.go:741.3,741.29 1 5
github.com/ianmarmour/nvidia-clerk/internal/config/config.go:682.32,685.4 2 0
github.com/ianmarmour/nvidia-clerk/internal/config/config.go:693.18,695.18 2 1
github.com/ianmarmour/nvidia-clerk/internal/config/config.go:698.4,698.36 1 1
github.com/ianmarmour/nvidia-clerk/internal/config/config.go:695.18,697.5 1 0
github.com/ianmarmour/nvidia-clerk/internal/config/config.go:701.22,703.18 2 1
github.com/ianmarmour/nvidia-clerk/internal/config/config.go:706.4,706.37 1 1
github.com/ianmarmour/nvidia-clerk/internal/config/config.go:703.18,705.5 1 0
github.com/ianmarmour/nvidia-clerk/internal/config/config.go:709.22,711.18 2 1
github.com/ianmarmour/nvidia-clerk/internal/config/config.go:714.4,714.37 1 1
github.com/ianmarmour/nvidia-clerk/internal/config/config.go:711.18,713.5 1 0
github.com/ianmarmour/nvidia-clerk/internal/config/config.go:717.23,719.18 2 1
github.com/ianmarmour/nvidia-clerk/internal/config/config.go:722.4,722.38 1 1
github.com/ianmarmour/nvidia-clerk/internal/config/config.go:719.18,721.5 1 0
github.com/ianmarmour/nvidia-clerk/internal/config/config.go:725.20,727.18 2 0
github.com/ianmarmour/nvidia-clerk/internal/config/config.go:730.4,730.35 1 0
github.com/ianmarmour/nvidia-clerk/internal/config/config.go:727.18,729.5 1 0
github.com/ianmarmour/nvidia-clerk/internal/config/config.go:733.22,735.18 2 0
github.com/ianmarmour/nvidia-clerk/internal/config/config.go:738.4,738.37 1 0
github.com/ianmarmour/nvidia-clerk/internal/config/config.go:735.18,737.5 1 0
github.com/ianmarmour/nvidia-clerk/internal/config/config.go:749.42,750.22 1 5
github.com/ianmarmour/nvidia-clerk/internal/config/config.go:755.2,755.14 1 0
github.com/ianmarmour/nvidia-clerk/internal/config/config.go:750.22,751.13 1 15
github.com/ianmarmour/nvidia-clerk/internal/config/config.go:751.13,753.4 1 5
github.com/ianmarmour/nvidia-clerk/internal/config/config.go:759.37,762.32 2 0
github.com/ianmarmour/nvidia-clerk/internal/config/config.go:766.2,766.13 1 0
github.com/ianmarmour/nvidia-clerk/internal/config/config.go:762.32,764.3 1 0
github.com/ianmarmour/nvidia-clerk/internal/config/config.go:770.57,773.31 2 5
github.com/ianmarmour/nvidia-clerk/internal/config/config.go:777.2,777.13 1 5
github.com/ianmarmour/nvidia-clerk/internal/config/config.go:773.31,775.3 1 30
github.com/ianmarmour/nvidia-clerk/internal/config/config.go:781.32,784.2 2 112
